<?xml version="1.0" encoding="UTF-8"?><testsuite errors="1" failures="0" name="Create user on Utest.com" skipped="0" tests="1" time="39.36" timestamp="2020-12-01 01:41:02"><testcase name="Create a new profile complying with all the page requirements"><error message="Arity mismatch: Step Definition 'stepdefinitions.AutomationChallengeStepDefinitions.theProfileIsCreateSuccessful(AutomationChallengeData&gt;) in file:/C:/Users/Usuario/IdeaProjects/retoTecnicoBancolombia/build/classes/java/test/' with pattern [^the profile is create successful$] is declared with 1 parameters. However, the gherkin step has 0 arguments []. &#10;Step text: the profile is create successful" type="cucumber.runtime.CucumberException">Arity mismatch: Step Definition 'stepdefinitions.AutomationChallengeStepDefinitions.theProfileIsCreateSuccessful(AutomationChallengeData&gt;) in file:/C:/Users/Usuario/IdeaProjects/retoTecnicoBancolombia/build/classes/java/test/' with pattern [^the profile is create successful$] is declared with 1 parameters. However, the gherkin step has 0 arguments []. 
Step text: the profile is create successful</error><system-err>Arity mismatch: Step Definition 'stepdefinitions.AutomationChallengeStepDefinitions.theProfileIsCreateSuccessful(AutomationChallengeData&gt;) in file:/C:/Users/Usuario/IdeaProjects/retoTecnicoBancolombia/build/classes/java/test/' with pattern [^the profile is create successful$] is declared with 1 parameters. However, the gherkin step has 0 arguments []. 
Step text: the profile is create successful&#13;
cucumber.runner.Runner.runPickle(Runner.java:80)&#13;
</system-err></testcase></testsuite>